<?xml version="1.0" encoding="UTF-8"?>
<!-- Generated by org.testng.reporters.JUnitReportReporter -->
<testsuite hostname="LAPTOP-0L6P5AEA" failures="0" tests="2" name="testng.Sc" time="37.401" errors="0" timestamp="2023-01-13T17:31:21 IST" skipped="0">
  <testcase classname="testng.Sc" name="TestGoogle" time="15.570"/>
  <system-out/>
  <testcase classname="testng.Sc" name="TestFacebook" time="21.831"/>
  <system-out/>
</testsuite> <!-- testng.Sc -->
