<?xml version="1.0" encoding="UTF-8"?>
<!-- Generated by org.testng.reporters.JUnitReportReporter -->
<testsuite hostname="LAPTOP-0L6P5AEA" failures="0" tests="6" name="testng.Priorty" time="0.059" errors="0" timestamp="2023-01-13T15:29:36 IST" skipped="0">
  <testcase classname="testng.Priorty" name="Signup" time="0.032"/>
  <system-out/>
  <testcase classname="testng.Priorty" name="Login" time="0.004"/>
  <system-out/>
  <testcase classname="testng.Priorty" name="SearchForTheFlight" time="0.004"/>
  <system-out/>
  <testcase classname="testng.Priorty" name="BookTheFlight" time="0.010"/>
  <system-out/>
  <testcase classname="testng.Priorty" name="SaveTheTicket" time="0.006"/>
  <system-out/>
  <testcase classname="testng.Priorty" name="Logout" time="0.003"/>
  <system-out/>
</testsuite> <!-- testng.Priorty -->
