<?xml version="1.0" encoding="UTF-8"?>
<!-- Generated by org.testng.reporters.JUnitReportReporter -->
<testsuite hostname="LAPTOP-0L6P5AEA" failures="0" tests="3" name="testng.TestClass2" time="0.017" errors="0" timestamp="2023-01-13T16:56:14 IST" skipped="0">
  <testcase classname="testng.TestClass2" name="testMethod6" time="0.002"/>
  <system-out/>
  <testcase classname="testng.TestClass2" name="testMethod7" time="0.002"/>
  <system-out/>
  <testcase classname="testng.TestClass2" name="testMethod5" time="0.013"/>
  <system-out/>
</testsuite> <!-- testng.TestClass2 -->
