<?xml version="1.0" encoding="UTF-8"?>
<!-- Generated by org.testng.reporters.JUnitReportReporter -->
<testsuite hostname="LAPTOP-0L6P5AEA" failures="0" tests="1" name="testng.Group2" time="0.030" errors="0" timestamp="2023-01-13T15:35:51 IST" skipped="0">
  <testcase classname="testng.Group2" name="test6" time="0.030"/>
  <system-out/>
</testsuite> <!-- testng.Group2 -->
