<?xml version="1.0" encoding="UTF-8"?>
<!-- Generated by org.testng.reporters.JUnitReportReporter -->
<testsuite hostname="LAPTOP-0L6P5AEA" failures="0" tests="2" name="testng.Group1" time="0.007" errors="0" timestamp="2023-01-13T15:35:51 IST" skipped="0">
  <testcase classname="testng.Group1" name="test1" time="0.003"/>
  <system-out/>
  <testcase classname="testng.Group1" name="test2" time="0.004"/>
  <system-out/>
</testsuite> <!-- testng.Group1 -->
