<?xml version="1.0" encoding="UTF-8"?>
<!-- Generated by org.testng.reporters.JUnitReportReporter -->
<testsuite hostname="LAPTOP-0L6P5AEA" failures="0" tests="2" name="testng.Partially_dataprovider" time="0.020" errors="0" timestamp="2023-01-13T15:49:04 IST" skipped="0">
  <testcase classname="testng.Partially_dataprovider" name="TestLogin" time="0.017"/>
  <system-out/>
  <testcase classname="testng.Partially_dataprovider" name="TestLogin" time="0.003"/>
  <system-out/>
</testsuite> <!-- testng.Partially_dataprovider -->
