<?xml version="1.0" encoding="UTF-8"?>
<!-- Generated by org.testng.reporters.JUnitReportReporter -->
<testsuite hostname="LAPTOP-0L6P5AEA" failures="0" tests="4" name="testng.TestClass3" time="0.011" errors="0" timestamp="2023-01-13T16:56:14 IST" skipped="0">
  <testcase classname="testng.TestClass3" name="testMethod9" time="0.001"/>
  <system-out/>
  <testcase classname="testng.TestClass3" name="testMethod10" time="0.005"/>
  <system-out/>
  <testcase classname="testng.TestClass3" name="testMethod11" time="0.002"/>
  <system-out/>
  <testcase classname="testng.TestClass3" name="testMethod8" time="0.003"/>
  <system-out/>
</testsuite> <!-- testng.TestClass3 -->
