<?xml version="1.0" encoding="UTF-8"?>
<!-- Generated by org.testng.reporters.JUnitReportReporter -->
<testsuite hostname="LAPTOP-0L6P5AEA" failures="0" tests="4" name="testng.TestClass1" time="0.022" errors="0" timestamp="2023-01-13T16:56:14 IST" skipped="0">
  <testcase classname="testng.TestClass1" name="testMethod4" time="0.004"/>
  <system-out/>
  <testcase classname="testng.TestClass1" name="testMethod2" time="0.003"/>
  <system-out/>
  <testcase classname="testng.TestClass1" name="testMethod1" time="0.013"/>
  <system-out/>
  <testcase classname="testng.TestClass1" name="testMethod3" time="0.002"/>
  <system-out/>
</testsuite> <!-- testng.TestClass1 -->
