<?xml version="1.0" encoding="UTF-8"?>
<!-- Generated by org.testng.reporters.JUnitReportReporter -->
<testsuite hostname="LAPTOP-0L6P5AEA" failures="0" tests="2" name="testng.Asseration" time="35.116" errors="0" timestamp="2023-01-08T17:15:42 IST" skipped="0">
  <testcase classname="testng.Asseration" name="TestFacebook" time="17.879"/>
  <system-out/>
  <testcase classname="testng.Asseration" name="TestGoogle" time="17.237"/>
  <system-out/>
</testsuite> <!-- testng.Asseration -->
